0 info it worked if it ends with ok
1 verbose cli [ 'node', '/usr/local/bin/npm', 'install' ]
2 info using npm@1.4.28
3 info using node@v0.10.35
4 verbose readDependencies using package.json deps
5 verbose install where, deps [ '/Users/arun/projects/xeeapp',
5 verbose install   [ 'matchdep',
5 verbose install     'grunt',
5 verbose install     'tmp',
5 verbose install     'bower',
5 verbose install     'http-server',
5 verbose install     'grunt-contrib-jshint',
5 verbose install     'grunt-contrib-less',
5 verbose install     'grunt-contrib-uglify',
5 verbose install     'grunt-contrib-concat',
5 verbose install     'grunt-contrib-clean',
5 verbose install     'grunt-contrib-copy',
5 verbose install     'grunt-contrib-watch',
5 verbose install     'grunt-contrib-cssmin' ] ]
6 info preinstall XeeApp@0.0.1
7 verbose readDependencies using package.json deps
8 verbose already installed skipping matchdep@~0.3.0 /Users/arun/projects/xeeapp
9 verbose already installed skipping grunt@~0.4.5 /Users/arun/projects/xeeapp
10 verbose already installed skipping tmp@0.0.23 /Users/arun/projects/xeeapp
11 verbose already installed skipping bower@1.3.8 /Users/arun/projects/xeeapp
12 verbose already installed skipping http-server@^0.6.1 /Users/arun/projects/xeeapp
13 verbose already installed skipping grunt-contrib-jshint@~0.9.2 /Users/arun/projects/xeeapp
14 verbose already installed skipping grunt-contrib-less@~0.11.0 /Users/arun/projects/xeeapp
15 verbose already installed skipping grunt-contrib-uglify@~0.4.0 /Users/arun/projects/xeeapp
16 verbose already installed skipping grunt-contrib-concat@~0.4.0 /Users/arun/projects/xeeapp
17 verbose already installed skipping grunt-contrib-clean@~0.5.0 /Users/arun/projects/xeeapp
18 verbose already installed skipping grunt-contrib-copy@~0.5.0 /Users/arun/projects/xeeapp
19 verbose already installed skipping grunt-contrib-watch@~0.6.1 /Users/arun/projects/xeeapp
20 verbose already installed skipping grunt-contrib-cssmin@~0.4.1 /Users/arun/projects/xeeapp
21 silly resolved []
22 info build /Users/arun/projects/xeeapp
23 verbose linkStuff [ false, false, false, '/Users/arun/projects' ]
24 info linkStuff XeeApp@0.0.1
25 verbose linkBins XeeApp@0.0.1
26 verbose linkMans XeeApp@0.0.1
27 verbose rebuildBundles XeeApp@0.0.1
28 verbose rebuildBundles [ '.bin',
28 verbose rebuildBundles   'bower',
28 verbose rebuildBundles   'grunt',
28 verbose rebuildBundles   'grunt-contrib-clean',
28 verbose rebuildBundles   'grunt-contrib-concat',
28 verbose rebuildBundles   'grunt-contrib-copy',
28 verbose rebuildBundles   'grunt-contrib-cssmin',
28 verbose rebuildBundles   'grunt-contrib-jshint',
28 verbose rebuildBundles   'grunt-contrib-less',
28 verbose rebuildBundles   'grunt-contrib-uglify',
28 verbose rebuildBundles   'grunt-contrib-watch',
28 verbose rebuildBundles   'http-server',
28 verbose rebuildBundles   'matchdep',
28 verbose rebuildBundles   'tmp' ]
29 info install XeeApp@0.0.1
30 info postinstall XeeApp@0.0.1
31 verbose unsafe-perm in lifecycle true
32 info XeeApp@0.0.1 Failed to exec postinstall script
33 error XeeApp@0.0.1 postinstall: `bower install`
33 error Exit status 1
34 error Failed at the XeeApp@0.0.1 postinstall script.
34 error This is most likely a problem with the XeeApp package,
34 error not with npm itself.
34 error Tell the author that this fails on your system:
34 error     bower install
34 error You can get their info via:
34 error     npm owner ls XeeApp
34 error There is likely additional logging output above.
35 error System Darwin 11.4.2
36 error command "node" "/usr/local/bin/npm" "install"
37 error cwd /Users/arun/projects/xeeapp
38 error node -v v0.10.35
39 error npm -v 1.4.28
40 error code ELIFECYCLE
41 verbose exit [ 1, true ]
